2025-03-28 15:09:04,702 [INFO] Initializing Spring DispatcherServlet 'dispatcherServlet'
2025-03-28 15:09:04,703 [INFO] Initializing Servlet 'dispatcherServlet'
2025-03-28 15:09:04,703 [INFO] Completed initialization in 0 ms
2025-03-28 15:09:04,705 [INFO] hello SHivranjan 
2025-03-28 15:09:17,336 [INFO] Received request to create an order with details: Orders{orderId='5', userId='1', totalAmount=-100.0, paymentStatus='pending', created_at=2025-03-28T08:47:58.696}
2025-03-28 15:09:17,337 [INFO] Received request to create order: Orders{orderId='5', userId='1', totalAmount=-100.0, paymentStatus='pending', created_at=2025-03-28T08:47:58.696}
2025-03-28 15:09:17,343 [ERROR] Price must be greater than zero
2025-03-28 15:09:17,348 [WARN] Resolved [com.hackthon.Orders.Exception.ExceptionDetails: Price must be greater than zero]
2025-03-28 15:09:42,001 [INFO] Received request to create an order with details: Orders{orderId='6', userId='1', totalAmount=-100.0, paymentStatus='pending', created_at=2025-03-28T08:47:58.696}
2025-03-28 15:09:42,001 [INFO] Received request to create order: Orders{orderId='6', userId='1', totalAmount=-100.0, paymentStatus='pending', created_at=2025-03-28T08:47:58.696}
2025-03-28 15:09:42,004 [ERROR] Price must be greater than zero
2025-03-28 15:09:42,005 [WARN] Resolved [com.hackthon.Orders.Exception.ExceptionDetails: Price must be greater than zero]
2025-03-28 15:09:48,998 [INFO] Received request to create an order with details: Orders{orderId='6', userId='1', totalAmount=100.0, paymentStatus='pending', created_at=2025-03-28T08:47:58.696}
2025-03-28 15:09:48,998 [INFO] Received request to create order: Orders{orderId='6', userId='1', totalAmount=100.0, paymentStatus='pending', created_at=2025-03-28T08:47:58.696}
2025-03-28 15:09:49,013 [INFO] Order created with id - 6
2025-03-28 15:09:49,013 [INFO] Order creation response: Order created with id - 6
2025-03-28 15:10:11,175 [INFO] Fetching all order details
2025-03-28 15:10:11,175 [INFO] Fetching all order details
2025-03-28 15:10:11,191 [INFO] Total orders fetched: 5
2025-03-28 15:10:11,191 [INFO] Total orders fetched: 5
2025-03-28 15:10:11,191 [INFO] Fetching all order details
2025-03-28 15:10:11,194 [INFO] Total orders fetched: 5
2025-03-28 15:10:34,949 [INFO] Restarting due to 6 class path changes (0 additions, 5 deletions, 1 modification)
2025-03-28 15:10:34,951 [INFO] Commencing graceful shutdown. Waiting for active requests to complete
2025-03-28 15:10:35,431 [INFO] Graceful shutdown complete
2025-03-28 15:10:35,432 [INFO] Closing JPA EntityManagerFactory for persistence unit 'default'
2025-03-28 15:10:35,433 [INFO] HikariPool-60 - Shutdown initiated...
2025-03-28 15:10:35,435 [INFO] HikariPool-60 - Shutdown completed.
2025-03-28 15:10:35,513 [INFO] Starting OrdersApplication using Java 17.0.12 with PID 7108 (C:\Users\shivaranjan.dodavad\Hackthon\Orders\target\classes started by shivaranjan.dodavad in C:\Users\shivaranjan.dodavad\Hackthon)
2025-03-28 15:10:35,514 [INFO] No active profile set, falling back to 1 default profile: "default"
2025-03-28 15:10:35,629 [INFO] Bootstrapping Spring Data JPA repositories in DEFAULT mode.
2025-03-28 15:10:35,637 [INFO] Finished Spring Data repository scanning in 8 ms. Found 1 JPA repository interface.
2025-03-28 15:10:35,712 [INFO] Tomcat initialized with port 8082 (http)
2025-03-28 15:10:35,713 [INFO] Starting service [Tomcat]
2025-03-28 15:10:35,713 [INFO] Starting Servlet engine: [Apache Tomcat/10.1.39]
2025-03-28 15:10:35,738 [INFO] Initializing Spring embedded WebApplicationContext
2025-03-28 15:10:35,738 [INFO] Root WebApplicationContext: initialization completed in 223 ms
2025-03-28 15:10:35,769 [INFO] HHH000204: Processing PersistenceUnitInfo [name: default]
2025-03-28 15:10:35,771 [INFO] HHH000026: Second-level cache disabled
2025-03-28 15:10:35,779 [INFO] No LoadTimeWeaver setup: ignoring JPA class transformer
2025-03-28 15:10:35,780 [INFO] HikariPool-61 - Starting...
2025-03-28 15:10:35,784 [INFO] HikariPool-61 - Added connection com.mysql.cj.jdbc.ConnectionImpl@4817c92c
2025-03-28 15:10:35,784 [INFO] HikariPool-61 - Start completed.
2025-03-28 15:10:35,785 [INFO] HHH10001005: Database info:
	Database JDBC URL [Connecting through datasource 'HikariDataSource (HikariPool-61)']
	Database driver: undefined/unknown
	Database version: 8.0.38
	Autocommit mode: undefined/unknown
	Isolation level: undefined/unknown
	Minimum pool size: undefined/unknown
	Maximum pool size: undefined/unknown
2025-03-28 15:10:35,814 [INFO] HHH000489: No JTA platform available (set 'hibernate.transaction.jta.platform' to enable JTA platform integration)
2025-03-28 15:10:35,820 [INFO] Initialized JPA EntityManagerFactory for persistence unit 'default'
2025-03-28 15:10:35,893 [WARN] spring.jpa.open-in-view is enabled by default. Therefore, database queries may be performed during view rendering. Explicitly configure spring.jpa.open-in-view to disable this warning
2025-03-28 15:10:35,907 [INFO] Failed to set up a Bean Validation provider: jakarta.validation.NoProviderFoundException: Unable to create a Configuration, because no Jakarta Bean Validation provider could be found. Add a provider like Hibernate Validator (RI) to your classpath.
2025-03-28 15:10:35,974 [INFO] LiveReload server is running on port 35729
2025-03-28 15:10:35,986 [INFO] Tomcat started on port 8082 (http) with context path '/'
2025-03-28 15:10:35,990 [INFO] Started OrdersApplication in 0.493 seconds (process running for 3179.74)
2025-03-28 15:10:35,991 [INFO] Condition evaluation unchanged
